[debug] [2026-04-08T18:29:20.222Z] ----------------------------------------------------------------------
[debug] [2026-04-08T18:29:20.224Z] Command:       /opt/homebrew/Cellar/node/25.4.0/bin/node /Users/ricardogattas-moras/.npm/_npx/ba4f1959e38407b5/node_modules/.bin/firebase projects:list
[debug] [2026-04-08T18:29:20.224Z] CLI Version:   15.13.0
[debug] [2026-04-08T18:29:20.224Z] Platform:      darwin
[debug] [2026-04-08T18:29:20.224Z] Node Version:  v25.4.0
[debug] [2026-04-08T18:29:20.224Z] Time:          Wed Apr 08 2026 13:29:20 GMT-0500 (Central Daylight Time)
[debug] [2026-04-08T18:29:20.224Z] ----------------------------------------------------------------------
[debug] 
[debug] [2026-04-08T18:29:20.225Z] >>> [apiv2][query] GET https://firebase-public.firebaseio.com/cli.json [none]
[debug] [2026-04-08T18:29:20.246Z] > command requires scopes: ["email","openid","https://www.googleapis.com/auth/cloudplatformprojects.readonly","https://www.googleapis.com/auth/firebase","https://www.googleapis.com/auth/cloud-platform"]
[debug] [2026-04-08T18:29:20.247Z] > authorizing via signed-in user (ricardogattas86@gmail.com)
[debug] [2026-04-08T18:29:20.248Z] Checked if tokens are valid: false, expires at: 1757557361605
[debug] [2026-04-08T18:29:20.248Z] Checked if tokens are valid: false, expires at: 1757557361605
[debug] [2026-04-08T18:29:20.248Z] > refreshing access token with scopes: []
[debug] [2026-04-08T18:29:20.249Z] >>> [apiv2][query] POST https://www.googleapis.com/oauth2/v3/token [none]
[debug] [2026-04-08T18:29:20.249Z] >>> [apiv2][body] POST https://www.googleapis.com/oauth2/v3/token [omitted]
[debug] [2026-04-08T18:29:20.415Z] <<< [apiv2][status] POST https://www.googleapis.com/oauth2/v3/token 400
[debug] [2026-04-08T18:29:20.415Z] <<< [apiv2][body] POST https://www.googleapis.com/oauth2/v3/token [omitted]
[debug] [2026-04-08T18:29:20.415Z] >>> [apiv2][query] GET https://firebase.googleapis.com/v1beta1/projects pageSize=1000
[debug] [2026-04-08T18:29:20.421Z] <<< [apiv2][status] GET https://firebase-public.firebaseio.com/cli.json 200
[debug] [2026-04-08T18:29:20.421Z] <<< [apiv2][body] GET https://firebase-public.firebaseio.com/cli.json {"cloudBuildErrorAfter":1594252800000,"cloudBuildWarnAfter":1590019200000,"defaultNode10After":1594252800000,"minVersion":"3.0.5","node8DeploysDisabledAfter":1613390400000,"node8RuntimeDisabledAfter":1615809600000,"node8WarnAfter":1600128000000}
[debug] [2026-04-08T18:29:20.613Z] <<< [apiv2][status] GET https://firebase.googleapis.com/v1beta1/projects 401
[debug] [2026-04-08T18:29:20.613Z] <<< [apiv2][body] GET https://firebase.googleapis.com/v1beta1/projects [omitted]
[debug] [2026-04-08T18:29:20.613Z] Got a 401 Unauthenticated error for a call that required authentication. Refreshing tokens.
[debug] [2026-04-08T18:29:20.613Z] Checked if tokens are valid: false, expires at: 1757557361605
[debug] [2026-04-08T18:29:20.613Z] Checked if tokens are valid: false, expires at: 1757557361605
[debug] [2026-04-08T18:29:20.613Z] > refreshing access token with scopes: []
[debug] [2026-04-08T18:29:20.614Z] >>> [apiv2][query] POST https://www.googleapis.com/oauth2/v3/token [none]
[debug] [2026-04-08T18:29:20.614Z] >>> [apiv2][body] POST https://www.googleapis.com/oauth2/v3/token [omitted]
[debug] [2026-04-08T18:29:20.676Z] <<< [apiv2][status] POST https://www.googleapis.com/oauth2/v3/token 400
[debug] [2026-04-08T18:29:20.676Z] <<< [apiv2][body] POST https://www.googleapis.com/oauth2/v3/token [omitted]
[debug] [2026-04-08T18:29:20.678Z] Request to https://firebase.googleapis.com/v1beta1/projects?pageSize=1000 had HTTP Error: 401, Request had invalid authentication credentials. Expected OAuth 2 access token, login cookie or other valid authentication credential. See https://developers.google.com/identity/sign-in/web/devconsole-project.
[debug] [2026-04-08T18:29:20.679Z] FirebaseError: Request to https://firebase.googleapis.com/v1beta1/projects?pageSize=1000 had HTTP Error: 401, Request had invalid authentication credentials. Expected OAuth 2 access token, login cookie or other valid authentication credential. See https://developers.google.com/identity/sign-in/web/devconsole-project.
    at responseToError (/Users/ricardogattas-moras/.npm/_npx/ba4f1959e38407b5/node_modules/firebase-tools/lib/responseToError.js:53:12)
    at RetryOperation._fn (/Users/ricardogattas-moras/.npm/_npx/ba4f1959e38407b5/node_modules/firebase-tools/lib/apiv2.js:333:77)
    at process.processTicksAndRejections (node:internal/process/task_queues:104:5)
[error] 
[error] Error: Failed to list Firebase projects. See firebase-debug.log for more info.
